2023-04-04 00:05:09 [main]  INFO o.s.A.ApplicantPortalApplication - Starting ApplicantPortalApplication using Java 17 on WIN-E6U35B0MUIF with PID 11340 (E:\ApplicantPortal\target\classes started by Akira in E:\ApplicantPortal)
2023-04-04 00:05:09 [main] DEBUG o.s.A.ApplicantPortalApplication - Running with Spring Boot v2.7.9, Spring v5.3.25
2023-04-04 00:05:09 [main]  INFO o.s.A.ApplicantPortalApplication - No active profile set, falling back to 1 default profile: "default"
2023-04-04 00:05:10 [main]  INFO o.s.d.r.c.RepositoryConfigurationDelegate - Bootstrapping Spring Data JPA repositories in DEFAULT mode.
2023-04-04 00:05:10 [main]  INFO o.s.d.r.c.RepositoryConfigurationDelegate - Finished Spring Data repository scanning in 29 ms. Found 4 JPA repository interfaces.
2023-04-04 00:05:10 [main]  INFO o.s.b.w.e.tomcat.TomcatWebServer - Tomcat initialized with port(s): 8080 (http)
2023-04-04 00:05:10 [main]  INFO o.a.catalina.core.StandardService - Starting service [Tomcat]
2023-04-04 00:05:10 [main]  INFO o.a.catalina.core.StandardEngine - Starting Servlet engine: [Apache Tomcat/9.0.71]
2023-04-04 00:05:10 [main]  INFO o.a.c.c.C.[Tomcat].[localhost].[/] - Initializing Spring embedded WebApplicationContext
2023-04-04 00:05:10 [main]  INFO o.s.b.w.s.c.ServletWebServerApplicationContext - Root WebApplicationContext: initialization completed in 802 ms
2023-04-04 00:05:10 [main]  INFO o.h.jpa.internal.util.LogHelper - HHH000204: Processing PersistenceUnitInfo [name: default]
2023-04-04 00:05:10 [main]  INFO org.hibernate.Version - HHH000412: Hibernate ORM core version 5.6.15.Final
2023-04-04 00:05:10 [main]  INFO o.h.annotations.common.Version - HCANN000001: Hibernate Commons Annotations {5.1.2.Final}
2023-04-04 00:05:10 [main]  INFO com.zaxxer.hikari.HikariDataSource - HikariPool-1 - Starting...
2023-04-04 00:05:11 [main]  INFO com.zaxxer.hikari.HikariDataSource - HikariPool-1 - Start completed.
2023-04-04 00:05:11 [main]  INFO org.hibernate.dialect.Dialect - HHH000400: Using dialect: org.hibernate.dialect.PostgreSQL10Dialect
2023-04-04 00:05:11 [main]  INFO o.h.e.t.j.p.i.JtaPlatformInitiator - HHH000490: Using JtaPlatform implementation: [org.hibernate.engine.transaction.jta.platform.internal.NoJtaPlatform]
2023-04-04 00:05:11 [main]  INFO o.s.o.j.LocalContainerEntityManagerFactoryBean - Initialized JPA EntityManagerFactory for persistence unit 'default'
2023-04-04 00:05:11 [main]  WARN o.s.b.a.o.j.JpaBaseConfiguration$JpaWebConfiguration - spring.jpa.open-in-view is enabled by default. Therefore, database queries may be performed during view rendering. Explicitly configure spring.jpa.open-in-view to disable this warning
2023-04-04 00:05:11 [main]  WARN o.s.s.c.a.web.builders.WebSecurity - You are asking Spring Security to ignore Ant [pattern='/resources/**']. This is not recommended -- please use permitAll via HttpSecurity#authorizeHttpRequests instead.
2023-04-04 00:05:11 [main]  INFO o.s.s.web.DefaultSecurityFilterChain - Will not secure Ant [pattern='/resources/**']
2023-04-04 00:05:11 [main]  WARN o.s.s.c.a.web.builders.WebSecurity - You are asking Spring Security to ignore Ant [pattern='/static/**']. This is not recommended -- please use permitAll via HttpSecurity#authorizeHttpRequests instead.
2023-04-04 00:05:11 [main]  INFO o.s.s.web.DefaultSecurityFilterChain - Will not secure Ant [pattern='/static/**']
2023-04-04 00:05:11 [main]  WARN o.s.s.c.a.web.builders.WebSecurity - You are asking Spring Security to ignore Ant [pattern='/css/**']. This is not recommended -- please use permitAll via HttpSecurity#authorizeHttpRequests instead.
2023-04-04 00:05:11 [main]  INFO o.s.s.web.DefaultSecurityFilterChain - Will not secure Ant [pattern='/css/**']
2023-04-04 00:05:11 [main]  WARN o.s.s.c.a.web.builders.WebSecurity - You are asking Spring Security to ignore Ant [pattern='/js/**']. This is not recommended -- please use permitAll via HttpSecurity#authorizeHttpRequests instead.
2023-04-04 00:05:11 [main]  INFO o.s.s.web.DefaultSecurityFilterChain - Will not secure Ant [pattern='/js/**']
2023-04-04 00:05:11 [main]  WARN o.s.s.c.a.web.builders.WebSecurity - You are asking Spring Security to ignore Ant [pattern='/images/**']. This is not recommended -- please use permitAll via HttpSecurity#authorizeHttpRequests instead.
2023-04-04 00:05:11 [main]  INFO o.s.s.web.DefaultSecurityFilterChain - Will not secure Ant [pattern='/images/**']
2023-04-04 00:05:11 [main]  WARN o.s.s.c.a.web.builders.WebSecurity - You are asking Spring Security to ignore Ant [pattern='/vendor/**']. This is not recommended -- please use permitAll via HttpSecurity#authorizeHttpRequests instead.
2023-04-04 00:05:11 [main]  INFO o.s.s.web.DefaultSecurityFilterChain - Will not secure Ant [pattern='/vendor/**']
2023-04-04 00:05:11 [main]  WARN o.s.s.c.a.web.builders.WebSecurity - You are asking Spring Security to ignore Ant [pattern='/fonts/**']. This is not recommended -- please use permitAll via HttpSecurity#authorizeHttpRequests instead.
2023-04-04 00:05:11 [main]  INFO o.s.s.web.DefaultSecurityFilterChain - Will not secure Ant [pattern='/fonts/**']
2023-04-04 00:05:11 [main]  INFO o.s.s.web.DefaultSecurityFilterChain - Will secure any request with [org.springframework.security.web.session.DisableEncodeUrlFilter@1dce481b, org.springframework.security.web.context.request.async.WebAsyncManagerIntegrationFilter@22cb8e5f, org.springframework.security.web.context.SecurityContextPersistenceFilter@682d9f21, org.springframework.security.web.header.HeaderWriterFilter@4a18e0f1, org.springframework.security.web.csrf.CsrfFilter@1b800a11, org.springframework.security.web.authentication.logout.LogoutFilter@3ff53704, org.springframework.security.web.authentication.UsernamePasswordAuthenticationFilter@31a4db4f, org.springframework.security.web.savedrequest.RequestCacheAwareFilter@6eadd342, org.springframework.security.web.servletapi.SecurityContextHolderAwareRequestFilter@6fad5ace, org.springframework.security.web.authentication.AnonymousAuthenticationFilter@45753c22, org.springframework.security.web.session.SessionManagementFilter@7857cb1d, org.springframework.security.web.access.ExceptionTranslationFilter@4ca907af, org.springframework.security.web.access.intercept.FilterSecurityInterceptor@4eacb6d1]
2023-04-04 00:05:11 [main]  INFO o.s.b.w.e.tomcat.TomcatWebServer - Tomcat started on port(s): 8080 (http) with context path ''
2023-04-04 00:05:11 [main]  INFO o.s.A.ApplicantPortalApplication - Started ApplicantPortalApplication in 2.356 seconds (JVM running for 2.761)
